<?xml version="1.0" encoding="UTF-8"?>
<!-- Generated by org.testng.reporters.JUnitXMLReporter -->
<testsuite ignored="0" hostname="Mohanraj" failures="0" tests="6" name="Opencart Homepage Test" time="15.962" errors="0" timestamp="19 May 2025 08:02:27 GMT">
  <testcase classname="com.qa.opencart.tests.HomepageTest" name="homepageTitleTest" time="0.043"/>
  <testcase classname="com.qa.opencart.tests.HomepageTest" name="homepageUrlTest" time="0.001"/>
  <testcase classname="com.qa.opencart.tests.HomepageTest" name="searchTest" time="0.595"/>
  <testcase classname="com.qa.opencart.tests.HomepageTest" name="searchTest" time="0.85"/>
  <testcase classname="com.qa.opencart.tests.HomepageTest" name="searchTest" time="0.513"/>
  <testcase classname="com.qa.opencart.tests.HomepageTest" name="searchTest" time="0.401"/>
</testsuite> <!-- Opencart Homepage Test -->
