<?xml version="1.0" encoding="UTF-8"?>
<!-- Generated by org.testng.reporters.JUnitXMLReporter -->
<testsuite ignored="0" hostname="Mohanraj" failures="0" tests="3" name="Opencart Login Test" time="22.554" errors="0" timestamp="20 May 2025 04:28:22 GMT">
  <testcase classname="com.qa.opencart.tests.LoginPageTest" name="navigateToLoginPageTest" time="5.757"/>
  <testcase classname="com.qa.opencart.tests.LoginPageTest" name="forgotPasswordLinkExistTest" time="0.254"/>
  <testcase classname="com.qa.opencart.tests.LoginPageTest" name="loginPageTest" time="1.038"/>
</testsuite> <!-- Opencart Login Test -->
