<?xml version="1.0" encoding="UTF-8"?>
<!-- Generated by org.testng.reporters.JUnitXMLReporter -->
<testsuite ignored="0" hostname="Mohanraj" failures="0" tests="6" name="Opencart Homepage Test_safari" time="18.899" errors="0" timestamp="20 May 2025 04:29:39 GMT">
  <testcase classname="com.qa.opencart.tests.HomepageTest" name="homepageTitleTest" time="0.396"/>
  <testcase classname="com.qa.opencart.tests.HomepageTest" name="homepageUrlTest" time="0.001"/>
  <testcase classname="com.qa.opencart.tests.HomepageTest" name="searchTest" time="1.856"/>
  <testcase classname="com.qa.opencart.tests.HomepageTest" name="searchTest" time="1.048"/>
  <testcase classname="com.qa.opencart.tests.HomepageTest" name="searchTest" time="1.032"/>
  <testcase classname="com.qa.opencart.tests.HomepageTest" name="searchTest" time="0.94"/>
</testsuite> <!-- Opencart Homepage Test_safari -->
