<?xml version="1.0" encoding="UTF-8"?>
<!-- Generated by org.testng.reporters.JUnitXMLReporter -->
<testsuite ignored="0" hostname="Mohanraj" failures="0" tests="3" name="Opencart Login Test_chromium" time="16.218" errors="0" timestamp="20 May 2025 04:29:36 GMT">
  <testcase classname="com.qa.opencart.tests.LoginPageTest" name="navigateToLoginPageTest" time="2.263"/>
  <testcase classname="com.qa.opencart.tests.LoginPageTest" name="forgotPasswordLinkExistTest" time="0.077"/>
  <testcase classname="com.qa.opencart.tests.LoginPageTest" name="loginPageTest" time="0.82"/>
</testsuite> <!-- Opencart Login Test_chromium -->
