<?xml version="1.0" encoding="UTF-8"?>
<!-- Generated by org.testng.reporters.JUnitXMLReporter -->
<testsuite ignored="0" hostname="Mohanraj" failures="0" tests="6" name="Opencart Homepage Test_chrome" time="16.712" errors="0" timestamp="20 May 2025 04:29:37 GMT">
  <testcase classname="com.qa.opencart.tests.HomepageTest" name="homepageTitleTest" time="0.059"/>
  <testcase classname="com.qa.opencart.tests.HomepageTest" name="homepageUrlTest" time="0.001"/>
  <testcase classname="com.qa.opencart.tests.HomepageTest" name="searchTest" time="1.824"/>
  <testcase classname="com.qa.opencart.tests.HomepageTest" name="searchTest" time="0.846"/>
  <testcase classname="com.qa.opencart.tests.HomepageTest" name="searchTest" time="0.527"/>
  <testcase classname="com.qa.opencart.tests.HomepageTest" name="searchTest" time="0.669"/>
</testsuite> <!-- Opencart Homepage Test_chrome -->
