<?xml version="1.0" encoding="UTF-8"?>
<!-- Generated by org.testng.reporters.JUnitXMLReporter -->
<testsuite ignored="0" hostname="Mohanraj" failures="0" tests="6" name="Opencart Homepage Test" time="19.979" errors="0" timestamp="20 May 2025 04:28:19 GMT">
  <testcase classname="com.qa.opencart.tests.HomepageTest" name="homepageTitleTest" time="0.016"/>
  <testcase classname="com.qa.opencart.tests.HomepageTest" name="homepageUrlTest" time="0.001"/>
  <testcase classname="com.qa.opencart.tests.HomepageTest" name="searchTest" time="0.709"/>
  <testcase classname="com.qa.opencart.tests.HomepageTest" name="searchTest" time="0.672"/>
  <testcase classname="com.qa.opencart.tests.HomepageTest" name="searchTest" time="0.686"/>
  <testcase classname="com.qa.opencart.tests.HomepageTest" name="searchTest" time="0.799"/>
</testsuite> <!-- Opencart Homepage Test -->
