<?xml version="1.0" encoding="UTF-8"?>
<!-- Generated by org.testng.reporters.JUnitXMLReporter -->
<testsuite ignored="0" hostname="Mohanraj" failures="0" tests="3" name="Default test" time="13.7" errors="0" timestamp="16 May 2025 08:56:32 GMT">
  <testcase classname="com.qa.opencart.tests.LoginPageTest" name="navigateToLoginPageTest" time="1.762"/>
  <testcase classname="com.qa.opencart.tests.LoginPageTest" name="forgotPasswordLinkExistTest" time="0.05"/>
  <testcase classname="com.qa.opencart.tests.LoginPageTest" name="loginPageTest" time="0.6"/>
</testsuite> <!-- Default test -->
