<?xml version="1.0" encoding="UTF-8"?>
<!-- Generated by org.testng.reporters.JUnitXMLReporter -->
<testsuite ignored="2" hostname="Mohanraj" failures="0" tests="1" name="Default test" time="58.281" errors="0" timestamp="20 May 2025 04:24:51 GMT">
  <testcase classname="com.qa.opencart.tests.HomepageTest" name="homepageUrlTest" time="38.05"/>
  <testcase classname="com.qa.opencart.tests.HomepageTest" name="homepageTitleTest" time="0.0">
    <ignored/>
  </testcase> <!-- homepageTitleTest -->
  <testcase classname="com.qa.opencart.tests.HomepageTest" name="searchTest" time="0.0">
    <ignored/>
  </testcase> <!-- searchTest -->
</testsuite> <!-- Default test -->
